Arguments: 
  /Users/apple/.nvm/versions/node/v14.19.1/bin/node /usr/local/bin/yarn

PATH: 
  /Users/apple/.nvm/versions/node/v14.19.1/bin:/usr/local/bin:/usr/local/sbin:/usr/local/bin:/usr/bin:/bin:/usr/sbin:/sbin

Yarn version: 
  1.22.17

Node version: 
  14.19.1

Platform: 
  darwin x64

Trace: 
  Error: EACCES: permission denied, rmdir '/Users/apple/workspace/study/dw/packages/cli/node_modules/builtins'

npm manifest: 
  {
    "name": "dw",
    "version": "0.0.1",
    "private": true,
    "workspaces": [
      "packages/*"
    ],
    "scripts": {
      "dev": "yarn workspace @dworld/frame run dev"
    },
    "devDependencies": {
      "lerna": "^5.1.6"
    },
    "publishConfig": {
      "access": "public"
    },
    "dependencies": {
      "vue-router": "3"
    }
  }

yarn manifest: 
  No manifest

Lockfile: 
  No lockfile
